2018/04/03 10:12:23 [warning] [application] Failed to set unsafe attribute "action" of "Kwikcash".
in /var/www/html/geep/marketmoni-test/protected/controllers/KwikcashController.php (72)
in /var/www/html/geep/marketmoni-test/index.php (13)
2018/04/09 10:50:31 [error] [system.db.CDbCommand] CDbCommand::() failed: SQLSTATE[HY000]: General error: 1364 Field 'create_date' doesn't have a default value. The SQL statement executed was: INSERT INTO GENERATOR(TN) VALUES(NULL).
in /var/www/html/geep/marketmoni-test/protected/views/boi/conversations.php (24)
in /var/www/html/geep/marketmoni-test/protected/views/boi/view.php (53)
in /var/www/html/geep/marketmoni-test/protected/controllers/BoiController.php (71)
2018/04/09 10:50:32 [error] [exception.CDbException] CDbException: CDbCommand failed to execute the SQL statement: SQLSTATE[HY000]: General error: 1364 Field 'create_date' doesn't have a default value. The SQL statement executed was: INSERT INTO GENERATOR(TN) VALUES(NULL) in /var/www/html/geep/yii1.1.19/framework/db/CDbCommand.php:543
Stack trace:
#0 /var/www/html/geep/yii1.1.19/framework/db/CDbCommand.php(377): CDbCommand->queryInternal('', 0, Array)
#1 /var/www/html/geep/marketmoni-test/protected/views/boi/conversations.php(24): CDbCommand->query()
#2 /var/www/html/geep/yii1.1.19/framework/web/CBaseController.php(126): require('/var/www/html/g...')
#3 /var/www/html/geep/yii1.1.19/framework/web/CBaseController.php(95): CBaseController->renderInternal('/var/www/html/g...', Array, true)
#4 /var/www/html/geep/yii1.1.19/framework/web/CController.php(872): CBaseController->renderFile('/var/www/html/g...', Array, true)
#5 /var/www/html/geep/marketmoni-test/protected/views/boi/view.php(53): CController->renderPartial('conversations', Array)
#6 /var/www/html/geep/yii1.1.19/framework/web/CBaseController.php(126): require('/var/www/html/g...')
#7 /var/www/html/geep/yii1.1.19/framework/web/CBaseController.php(95): CBaseController->renderInternal('/var/www/html/g...', Array, true)
#8 /var/www/html/geep/yii1.1.19/framework/web/CController.php(872): CBaseController->renderFile('/var/www/html/g...', Array, true)
#9 /var/www/html/geep/yii1.1.19/framework/web/CController.php(785): CController->renderPartial('view', Array, true)
#10 /var/www/html/geep/marketmoni-test/protected/controllers/BoiController.php(71): CController->render('view', Array)
#11 [internal function]: BoiController->actionView('2')
#12 /var/www/html/geep/yii1.1.19/framework/web/actions/CAction.php(109): ReflectionMethod->invokeArgs(Object(BoiController), Array)
#13 /var/www/html/geep/yii1.1.19/framework/web/actions/CInlineAction.php(47): CAction->runWithParamsInternal(Object(BoiController), Object(ReflectionMethod), Array)
#14 /var/www/html/geep/yii1.1.19/framework/web/CController.php(308): CInlineAction->runWithParams(Array)
#15 /var/www/html/geep/yii1.1.19/framework/web/filters/CFilterChain.php(134): CController->runAction(Object(CInlineAction))
#16 /var/www/html/geep/yii1.1.19/framework/web/filters/CFilter.php(40): CFilterChain->run()
#17 /var/www/html/geep/yii1.1.19/framework/web/CController.php(1148): CFilter->filter(Object(CFilterChain))
#18 /var/www/html/geep/yii1.1.19/framework/web/filters/CInlineFilter.php(58): CController->filterAccessControl(Object(CFilterChain))
#19 /var/www/html/geep/yii1.1.19/framework/web/filters/CFilterChain.php(131): CInlineFilter->filter(Object(CFilterChain))
#20 /var/www/html/geep/yii1.1.19/framework/web/CController.php(291): CFilterChain->run()
#21 /var/www/html/geep/yii1.1.19/framework/web/CController.php(265): CController->runActionWithFilters(Object(CInlineAction), Array)
#22 /var/www/html/geep/yii1.1.19/framework/web/CWebApplication.php(282): CController->run('view')
#23 /var/www/html/geep/yii1.1.19/framework/web/CWebApplication.php(141): CWebApplication->runController('boi/view')
#24 /var/www/html/geep/yii1.1.19/framework/base/CApplication.php(185): CWebApplication->processRequest()
#25 /var/www/html/geep/marketmoni-test/index.php(13): CApplication->run()
#26 {main}
REQUEST_URI=/geep/marketmoni-test/index.php?r=boi/view&id=2
HTTP_REFERER=http://localhost/geep/marketmoni-test/index.php?r=Boi/admin
---
2018/04/09 10:58:57 [error] [system.db.CDbCommand] CDbCommand::() failed: SQLSTATE[42000]: Syntax error or access violation: 1064 You have an error in your SQL syntax; check the manual that corresponds to your MySQL server version for the right syntax to use near 'desc' at line 1. The SQL statement executed was: SELECT CONCAT(DATE_FORMAT(create_date,'%Y%m%d'),LPAD(sequence,4,'0')) AS gen from GENERATOR order by desc.
in /var/www/html/geep/marketmoni-test/protected/views/boi/conversations.php (25)
in /var/www/html/geep/marketmoni-test/protected/views/boi/view.php (53)
in /var/www/html/geep/marketmoni-test/protected/controllers/BoiController.php (71)
2018/04/09 10:58:57 [error] [exception.CDbException] CDbException: CDbCommand failed to execute the SQL statement: SQLSTATE[42000]: Syntax error or access violation: 1064 You have an error in your SQL syntax; check the manual that corresponds to your MySQL server version for the right syntax to use near 'desc' at line 1. The SQL statement executed was: SELECT CONCAT(DATE_FORMAT(create_date,'%Y%m%d'),LPAD(sequence,4,'0')) AS gen from GENERATOR order by desc in /var/www/html/geep/yii1.1.19/framework/db/CDbCommand.php:543
Stack trace:
#0 /var/www/html/geep/yii1.1.19/framework/db/CDbCommand.php(377): CDbCommand->queryInternal('', 0, Array)
#1 /var/www/html/geep/marketmoni-test/protected/views/boi/conversations.php(25): CDbCommand->query()
#2 /var/www/html/geep/yii1.1.19/framework/web/CBaseController.php(126): require('/var/www/html/g...')
#3 /var/www/html/geep/yii1.1.19/framework/web/CBaseController.php(95): CBaseController->renderInternal('/var/www/html/g...', Array, true)
#4 /var/www/html/geep/yii1.1.19/framework/web/CController.php(872): CBaseController->renderFile('/var/www/html/g...', Array, true)
#5 /var/www/html/geep/marketmoni-test/protected/views/boi/view.php(53): CController->renderPartial('conversations', Array)
#6 /var/www/html/geep/yii1.1.19/framework/web/CBaseController.php(126): require('/var/www/html/g...')
#7 /var/www/html/geep/yii1.1.19/framework/web/CBaseController.php(95): CBaseController->renderInternal('/var/www/html/g...', Array, true)
#8 /var/www/html/geep/yii1.1.19/framework/web/CController.php(872): CBaseController->renderFile('/var/www/html/g...', Array, true)
#9 /var/www/html/geep/yii1.1.19/framework/web/CController.php(785): CController->renderPartial('view', Array, true)
#10 /var/www/html/geep/marketmoni-test/protected/controllers/BoiController.php(71): CController->render('view', Array)
#11 [internal function]: BoiController->actionView('4')
#12 /var/www/html/geep/yii1.1.19/framework/web/actions/CAction.php(109): ReflectionMethod->invokeArgs(Object(BoiController), Array)
#13 /var/www/html/geep/yii1.1.19/framework/web/actions/CInlineAction.php(47): CAction->runWithParamsInternal(Object(BoiController), Object(ReflectionMethod), Array)
#14 /var/www/html/geep/yii1.1.19/framework/web/CController.php(308): CInlineAction->runWithParams(Array)
#15 /var/www/html/geep/yii1.1.19/framework/web/filters/CFilterChain.php(134): CController->runAction(Object(CInlineAction))
#16 /var/www/html/geep/yii1.1.19/framework/web/filters/CFilter.php(40): CFilterChain->run()
#17 /var/www/html/geep/yii1.1.19/framework/web/CController.php(1148): CFilter->filter(Object(CFilterChain))
#18 /var/www/html/geep/yii1.1.19/framework/web/filters/CInlineFilter.php(58): CController->filterAccessControl(Object(CFilterChain))
#19 /var/www/html/geep/yii1.1.19/framework/web/filters/CFilterChain.php(131): CInlineFilter->filter(Object(CFilterChain))
#20 /var/www/html/geep/yii1.1.19/framework/web/CController.php(291): CFilterChain->run()
#21 /var/www/html/geep/yii1.1.19/framework/web/CController.php(265): CController->runActionWithFilters(Object(CInlineAction), Array)
#22 /var/www/html/geep/yii1.1.19/framework/web/CWebApplication.php(282): CController->run('view')
#23 /var/www/html/geep/yii1.1.19/framework/web/CWebApplication.php(141): CWebApplication->runController('boi/view')
#24 /var/www/html/geep/yii1.1.19/framework/base/CApplication.php(185): CWebApplication->processRequest()
#25 /var/www/html/geep/marketmoni-test/index.php(13): CApplication->run()
#26 {main}
REQUEST_URI=/geep/marketmoni-test/index.php?r=boi/view&id=4
HTTP_REFERER=http://localhost/geep/marketmoni-test/index.php?r=Boi/admin
---
2018/04/09 11:01:59 [error] [system.db.CDbCommand] CDbCommand::() failed: SQLSTATE[42S02]: Base table or view not found: 1146 Table 'geep.generator' doesn't exist. The SQL statement executed was: SELECT CONCAT(DATE_FORMAT(create_date,'%Y%m%d'),LPAD(sequence,4,'0')) AS gen from GENERATOR where sequence=(select count(*) from generator).
in /var/www/html/geep/marketmoni-test/protected/views/boi/conversations.php (25)
in /var/www/html/geep/marketmoni-test/protected/views/boi/view.php (53)
in /var/www/html/geep/marketmoni-test/protected/controllers/BoiController.php (71)
2018/04/09 11:01:59 [error] [exception.CDbException] CDbException: CDbCommand failed to execute the SQL statement: SQLSTATE[42S02]: Base table or view not found: 1146 Table 'geep.generator' doesn't exist. The SQL statement executed was: SELECT CONCAT(DATE_FORMAT(create_date,'%Y%m%d'),LPAD(sequence,4,'0')) AS gen from GENERATOR where sequence=(select count(*) from generator) in /var/www/html/geep/yii1.1.19/framework/db/CDbCommand.php:543
Stack trace:
#0 /var/www/html/geep/yii1.1.19/framework/db/CDbCommand.php(377): CDbCommand->queryInternal('', 0, Array)
#1 /var/www/html/geep/marketmoni-test/protected/views/boi/conversations.php(25): CDbCommand->query()
#2 /var/www/html/geep/yii1.1.19/framework/web/CBaseController.php(126): require('/var/www/html/g...')
#3 /var/www/html/geep/yii1.1.19/framework/web/CBaseController.php(95): CBaseController->renderInternal('/var/www/html/g...', Array, true)
#4 /var/www/html/geep/yii1.1.19/framework/web/CController.php(872): CBaseController->renderFile('/var/www/html/g...', Array, true)
#5 /var/www/html/geep/marketmoni-test/protected/views/boi/view.php(53): CController->renderPartial('conversations', Array)
#6 /var/www/html/geep/yii1.1.19/framework/web/CBaseController.php(126): require('/var/www/html/g...')
#7 /var/www/html/geep/yii1.1.19/framework/web/CBaseController.php(95): CBaseController->renderInternal('/var/www/html/g...', Array, true)
#8 /var/www/html/geep/yii1.1.19/framework/web/CController.php(872): CBaseController->renderFile('/var/www/html/g...', Array, true)
#9 /var/www/html/geep/yii1.1.19/framework/web/CController.php(785): CController->renderPartial('view', Array, true)
#10 /var/www/html/geep/marketmoni-test/protected/controllers/BoiController.php(71): CController->render('view', Array)
#11 [internal function]: BoiController->actionView('4')
#12 /var/www/html/geep/yii1.1.19/framework/web/actions/CAction.php(109): ReflectionMethod->invokeArgs(Object(BoiController), Array)
#13 /var/www/html/geep/yii1.1.19/framework/web/actions/CInlineAction.php(47): CAction->runWithParamsInternal(Object(BoiController), Object(ReflectionMethod), Array)
#14 /var/www/html/geep/yii1.1.19/framework/web/CController.php(308): CInlineAction->runWithParams(Array)
#15 /var/www/html/geep/yii1.1.19/framework/web/filters/CFilterChain.php(134): CController->runAction(Object(CInlineAction))
#16 /var/www/html/geep/yii1.1.19/framework/web/filters/CFilter.php(40): CFilterChain->run()
#17 /var/www/html/geep/yii1.1.19/framework/web/CController.php(1148): CFilter->filter(Object(CFilterChain))
#18 /var/www/html/geep/yii1.1.19/framework/web/filters/CInlineFilter.php(58): CController->filterAccessControl(Object(CFilterChain))
#19 /var/www/html/geep/yii1.1.19/framework/web/filters/CFilterChain.php(131): CInlineFilter->filter(Object(CFilterChain))
#20 /var/www/html/geep/yii1.1.19/framework/web/CController.php(291): CFilterChain->run()
#21 /var/www/html/geep/yii1.1.19/framework/web/CController.php(265): CController->runActionWithFilters(Object(CInlineAction), Array)
#22 /var/www/html/geep/yii1.1.19/framework/web/CWebApplication.php(282): CController->run('view')
#23 /var/www/html/geep/yii1.1.19/framework/web/CWebApplication.php(141): CWebApplication->runController('boi/view')
#24 /var/www/html/geep/yii1.1.19/framework/base/CApplication.php(185): CWebApplication->processRequest()
#25 /var/www/html/geep/marketmoni-test/index.php(13): CApplication->run()
#26 {main}
REQUEST_URI=/geep/marketmoni-test/index.php?r=boi/view&id=4
HTTP_REFERER=http://localhost/geep/marketmoni-test/index.php?r=Boi/admin
---
2018/04/09 12:02:52 [warning] [application] Failed to set unsafe attribute "ticket_number" of "Conversations".
in /var/www/html/geep/marketmoni-test/protected/controllers/BoiController.php (60)
in /var/www/html/geep/marketmoni-test/index.php (13)
2018/04/09 12:02:52 [warning] [application] Failed to set unsafe attribute "action" of "Conversations".
in /var/www/html/geep/marketmoni-test/protected/controllers/BoiController.php (60)
in /var/www/html/geep/marketmoni-test/index.php (13)
2018/04/09 12:23:28 [warning] [application] Failed to set unsafe attribute "ticket_number" of "Conversations".
in /var/www/html/geep/marketmoni-test/protected/controllers/BoiController.php (60)
in /var/www/html/geep/marketmoni-test/index.php (13)
2018/04/09 12:23:28 [warning] [application] Failed to set unsafe attribute "action" of "Conversations".
in /var/www/html/geep/marketmoni-test/protected/controllers/BoiController.php (60)
in /var/www/html/geep/marketmoni-test/index.php (13)
2018/04/09 12:23:28 [error] [system.db.CDbCommand] CDbCommand::execute() failed: SQLSTATE[HY000]: General error: 1364 Field 'ticket_number' doesn't have a default value. The SQL statement executed was: INSERT INTO `conversations` (`boi_id`, `amount`, `agent_name`, `date_paid`, `categories`, `source`, `phone_number`, `comment`, `other_comments`, `date`, `member_id`, `fraud_suspected`, `comment_by`) VALUES (:yp0, :yp1, :yp2, :yp3, :yp4, :yp5, :yp6, :yp7, :yp8, :yp9, :yp10, :yp11, :yp12).
in /var/www/html/geep/marketmoni-test/protected/controllers/BoiController.php (64)
in /var/www/html/geep/marketmoni-test/index.php (13)
2018/04/09 12:23:28 [error] [exception.CDbException] CDbException: CDbCommand failed to execute the SQL statement: SQLSTATE[HY000]: General error: 1364 Field 'ticket_number' doesn't have a default value. The SQL statement executed was: INSERT INTO `conversations` (`boi_id`, `amount`, `agent_name`, `date_paid`, `categories`, `source`, `phone_number`, `comment`, `other_comments`, `date`, `member_id`, `fraud_suspected`, `comment_by`) VALUES (:yp0, :yp1, :yp2, :yp3, :yp4, :yp5, :yp6, :yp7, :yp8, :yp9, :yp10, :yp11, :yp12) in /var/www/html/geep/yii1.1.19/framework/db/CDbCommand.php:358
Stack trace:
#0 /var/www/html/geep/yii1.1.19/framework/db/ar/CActiveRecord.php(1083): CDbCommand->execute()
#1 /var/www/html/geep/yii1.1.19/framework/db/ar/CActiveRecord.php(811): CActiveRecord->insert(NULL)
#2 /var/www/html/geep/marketmoni-test/protected/controllers/BoiController.php(64): CActiveRecord->save()
#3 [internal function]: BoiController->actionView('4')
#4 /var/www/html/geep/yii1.1.19/framework/web/actions/CAction.php(109): ReflectionMethod->invokeArgs(Object(BoiController), Array)
#5 /var/www/html/geep/yii1.1.19/framework/web/actions/CInlineAction.php(47): CAction->runWithParamsInternal(Object(BoiController), Object(ReflectionMethod), Array)
#6 /var/www/html/geep/yii1.1.19/framework/web/CController.php(308): CInlineAction->runWithParams(Array)
#7 /var/www/html/geep/yii1.1.19/framework/web/filters/CFilterChain.php(134): CController->runAction(Object(CInlineAction))
#8 /var/www/html/geep/yii1.1.19/framework/web/filters/CFilter.php(40): CFilterChain->run()
#9 /var/www/html/geep/yii1.1.19/framework/web/CController.php(1148): CFilter->filter(Object(CFilterChain))
#10 /var/www/html/geep/yii1.1.19/framework/web/filters/CInlineFilter.php(58): CController->filterAccessControl(Object(CFilterChain))
#11 /var/www/html/geep/yii1.1.19/framework/web/filters/CFilterChain.php(131): CInlineFilter->filter(Object(CFilterChain))
#12 /var/www/html/geep/yii1.1.19/framework/web/CController.php(291): CFilterChain->run()
#13 /var/www/html/geep/yii1.1.19/framework/web/CController.php(265): CController->runActionWithFilters(Object(CInlineAction), Array)
#14 /var/www/html/geep/yii1.1.19/framework/web/CWebApplication.php(282): CController->run('view')
#15 /var/www/html/geep/yii1.1.19/framework/web/CWebApplication.php(141): CWebApplication->runController('boi/view')
#16 /var/www/html/geep/yii1.1.19/framework/base/CApplication.php(185): CWebApplication->processRequest()
#17 /var/www/html/geep/marketmoni-test/index.php(13): CApplication->run()
#18 {main}
REQUEST_URI=/geep/marketmoni-test/index.php?r=boi/view&id=4
HTTP_REFERER=http://localhost/geep/marketmoni-test/index.php?r=boi/view&id=4
---
2018/04/09 12:33:59 [error] [php] include(style.php): failed to open stream: No such file or directory (/var/www/html/geep/marketmoni-test/protected/views/boi/conversation_list.php:2)
Stack trace:
#0 /var/www/html/geep/yii1.1.19/framework/web/CBaseController.php(95): BoiController->renderInternal()
#1 /var/www/html/geep/yii1.1.19/framework/web/CController.php(872): BoiController->renderFile()
#2 /var/www/html/geep/marketmoni-test/protected/views/boi/view.php(109): BoiController->renderPartial()
#3 /var/www/html/geep/yii1.1.19/framework/web/CBaseController.php(126): require()
#4 /var/www/html/geep/yii1.1.19/framework/web/CBaseController.php(95): BoiController->renderInternal()
#5 /var/www/html/geep/yii1.1.19/framework/web/CController.php(872): BoiController->renderFile()
#6 /var/www/html/geep/yii1.1.19/framework/web/CController.php(785): BoiController->renderPartial()
#7 /var/www/html/geep/marketmoni-test/protected/controllers/BoiController.php(71): BoiController->render()
#8 unknown(0): BoiController->actionView()
#9 /var/www/html/geep/yii1.1.19/framework/web/actions/CAction.php(109): ReflectionMethod->invokeArgs()
#10 /var/www/html/geep/yii1.1.19/framework/web/actions/CInlineAction.php(47): CInlineAction->runWithParamsInternal()
#11 /var/www/html/geep/yii1.1.19/framework/web/CController.php(308): CInlineAction->runWithParams()
#12 /var/www/html/geep/yii1.1.19/framework/web/filters/CFilterChain.php(134): BoiController->runAction()
#13 /var/www/html/geep/yii1.1.19/framework/web/filters/CFilter.php(40): CFilterChain->run()
#14 /var/www/html/geep/yii1.1.19/framework/web/CController.php(1148): CAccessControlFilter->filter()
#15 /var/www/html/geep/yii1.1.19/framework/web/filters/CInlineFilter.php(58): BoiController->filterAccessControl()
#16 /var/www/html/geep/yii1.1.19/framework/web/filters/CFilterChain.php(131): CInlineFilter->filter()
#17 /var/www/html/geep/yii1.1.19/framework/web/CController.php(291): CFilterChain->run()
#18 /var/www/html/geep/yii1.1.19/framework/web/CController.php(265): BoiController->runActionWithFilters()
#19 /var/www/html/geep/yii1.1.19/framework/web/CWebApplication.php(282): BoiController->run()
#20 /var/www/html/geep/yii1.1.19/framework/web/CWebApplication.php(141): CWebApplication->runController()
#21 /var/www/html/geep/yii1.1.19/framework/base/CApplication.php(185): CWebApplication->processRequest()
#22 /var/www/html/geep/marketmoni-test/index.php(13): CWebApplication->run()
REQUEST_URI=/geep/marketmoni-test/index.php?r=boi/view&id=4
in /var/www/html/geep/marketmoni-test/protected/views/boi/conversation_list.php (2)
in /var/www/html/geep/marketmoni-test/protected/views/boi/conversation_list.php (2)
in /var/www/html/geep/marketmoni-test/protected/views/boi/view.php (109)
2018/04/09 12:38:04 [warning] [application] Failed to set unsafe attribute "ticket_number" of "Conversations".
in /var/www/html/geep/marketmoni-test/protected/controllers/BoiController.php (60)
in /var/www/html/geep/marketmoni-test/index.php (13)
2018/04/09 12:38:04 [warning] [application] Failed to set unsafe attribute "action" of "Conversations".
in /var/www/html/geep/marketmoni-test/protected/controllers/BoiController.php (60)
in /var/www/html/geep/marketmoni-test/index.php (13)
2018/04/09 12:38:04 [error] [system.db.CDbCommand] CDbCommand::execute() failed: SQLSTATE[HY000]: General error: 1364 Field 'ticket_number' doesn't have a default value. The SQL statement executed was: INSERT INTO `conversations` (`boi_id`, `amount`, `agent_name`, `date_paid`, `categories`, `source`, `phone_number`, `comment`, `other_comments`, `date`, `member_id`, `fraud_suspected`, `comment_by`) VALUES (:yp0, :yp1, :yp2, :yp3, :yp4, :yp5, :yp6, :yp7, :yp8, :yp9, :yp10, :yp11, :yp12).
in /var/www/html/geep/marketmoni-test/protected/controllers/BoiController.php (64)
in /var/www/html/geep/marketmoni-test/index.php (13)
2018/04/09 12:38:04 [error] [exception.CDbException] CDbException: CDbCommand failed to execute the SQL statement: SQLSTATE[HY000]: General error: 1364 Field 'ticket_number' doesn't have a default value. The SQL statement executed was: INSERT INTO `conversations` (`boi_id`, `amount`, `agent_name`, `date_paid`, `categories`, `source`, `phone_number`, `comment`, `other_comments`, `date`, `member_id`, `fraud_suspected`, `comment_by`) VALUES (:yp0, :yp1, :yp2, :yp3, :yp4, :yp5, :yp6, :yp7, :yp8, :yp9, :yp10, :yp11, :yp12) in /var/www/html/geep/yii1.1.19/framework/db/CDbCommand.php:358
Stack trace:
#0 /var/www/html/geep/yii1.1.19/framework/db/ar/CActiveRecord.php(1083): CDbCommand->execute()
#1 /var/www/html/geep/yii1.1.19/framework/db/ar/CActiveRecord.php(811): CActiveRecord->insert(NULL)
#2 /var/www/html/geep/marketmoni-test/protected/controllers/BoiController.php(64): CActiveRecord->save()
#3 [internal function]: BoiController->actionView('4')
#4 /var/www/html/geep/yii1.1.19/framework/web/actions/CAction.php(109): ReflectionMethod->invokeArgs(Object(BoiController), Array)
#5 /var/www/html/geep/yii1.1.19/framework/web/actions/CInlineAction.php(47): CAction->runWithParamsInternal(Object(BoiController), Object(ReflectionMethod), Array)
#6 /var/www/html/geep/yii1.1.19/framework/web/CController.php(308): CInlineAction->runWithParams(Array)
#7 /var/www/html/geep/yii1.1.19/framework/web/filters/CFilterChain.php(134): CController->runAction(Object(CInlineAction))
#8 /var/www/html/geep/yii1.1.19/framework/web/filters/CFilter.php(40): CFilterChain->run()
#9 /var/www/html/geep/yii1.1.19/framework/web/CController.php(1148): CFilter->filter(Object(CFilterChain))
#10 /var/www/html/geep/yii1.1.19/framework/web/filters/CInlineFilter.php(58): CController->filterAccessControl(Object(CFilterChain))
#11 /var/www/html/geep/yii1.1.19/framework/web/filters/CFilterChain.php(131): CInlineFilter->filter(Object(CFilterChain))
#12 /var/www/html/geep/yii1.1.19/framework/web/CController.php(291): CFilterChain->run()
#13 /var/www/html/geep/yii1.1.19/framework/web/CController.php(265): CController->runActionWithFilters(Object(CInlineAction), Array)
#14 /var/www/html/geep/yii1.1.19/framework/web/CWebApplication.php(282): CController->run('view')
#15 /var/www/html/geep/yii1.1.19/framework/web/CWebApplication.php(141): CWebApplication->runController('boi/view')
#16 /var/www/html/geep/yii1.1.19/framework/base/CApplication.php(185): CWebApplication->processRequest()
#17 /var/www/html/geep/marketmoni-test/index.php(13): CApplication->run()
#18 {main}
REQUEST_URI=/geep/marketmoni-test/index.php?r=boi/view&id=4
HTTP_REFERER=http://localhost/geep/marketmoni-test/index.php?r=boi/view&id=4
---
2018/04/09 12:43:25 [warning] [application] Failed to set unsafe attribute "ticket_number" of "Conversations".
in /var/www/html/geep/marketmoni-test/protected/controllers/BoiController.php (60)
in /var/www/html/geep/marketmoni-test/index.php (13)
2018/04/09 12:43:25 [warning] [application] Failed to set unsafe attribute "action" of "Conversations".
in /var/www/html/geep/marketmoni-test/protected/controllers/BoiController.php (60)
in /var/www/html/geep/marketmoni-test/index.php (13)
2018/04/09 12:43:25 [error] [system.db.CDbCommand] CDbCommand::execute() failed: SQLSTATE[HY000]: General error: 1364 Field 'ticket_number' doesn't have a default value. The SQL statement executed was: INSERT INTO `conversations` (`boi_id`, `amount`, `agent_name`, `date_paid`, `categories`, `source`, `phone_number`, `comment`, `other_comments`, `date`, `member_id`, `fraud_suspected`, `comment_by`) VALUES (:yp0, :yp1, :yp2, :yp3, :yp4, :yp5, :yp6, :yp7, :yp8, :yp9, :yp10, :yp11, :yp12).
in /var/www/html/geep/marketmoni-test/protected/controllers/BoiController.php (64)
in /var/www/html/geep/marketmoni-test/index.php (13)
2018/04/09 12:43:25 [error] [exception.CDbException] CDbException: CDbCommand failed to execute the SQL statement: SQLSTATE[HY000]: General error: 1364 Field 'ticket_number' doesn't have a default value. The SQL statement executed was: INSERT INTO `conversations` (`boi_id`, `amount`, `agent_name`, `date_paid`, `categories`, `source`, `phone_number`, `comment`, `other_comments`, `date`, `member_id`, `fraud_suspected`, `comment_by`) VALUES (:yp0, :yp1, :yp2, :yp3, :yp4, :yp5, :yp6, :yp7, :yp8, :yp9, :yp10, :yp11, :yp12) in /var/www/html/geep/yii1.1.19/framework/db/CDbCommand.php:358
Stack trace:
#0 /var/www/html/geep/yii1.1.19/framework/db/ar/CActiveRecord.php(1083): CDbCommand->execute()
#1 /var/www/html/geep/yii1.1.19/framework/db/ar/CActiveRecord.php(811): CActiveRecord->insert(NULL)
#2 /var/www/html/geep/marketmoni-test/protected/controllers/BoiController.php(64): CActiveRecord->save()
#3 [internal function]: BoiController->actionView('4')
#4 /var/www/html/geep/yii1.1.19/framework/web/actions/CAction.php(109): ReflectionMethod->invokeArgs(Object(BoiController), Array)
#5 /var/www/html/geep/yii1.1.19/framework/web/actions/CInlineAction.php(47): CAction->runWithParamsInternal(Object(BoiController), Object(ReflectionMethod), Array)
#6 /var/www/html/geep/yii1.1.19/framework/web/CController.php(308): CInlineAction->runWithParams(Array)
#7 /var/www/html/geep/yii1.1.19/framework/web/filters/CFilterChain.php(134): CController->runAction(Object(CInlineAction))
#8 /var/www/html/geep/yii1.1.19/framework/web/filters/CFilter.php(40): CFilterChain->run()
#9 /var/www/html/geep/yii1.1.19/framework/web/CController.php(1148): CFilter->filter(Object(CFilterChain))
#10 /var/www/html/geep/yii1.1.19/framework/web/filters/CInlineFilter.php(58): CController->filterAccessControl(Object(CFilterChain))
#11 /var/www/html/geep/yii1.1.19/framework/web/filters/CFilterChain.php(131): CInlineFilter->filter(Object(CFilterChain))
#12 /var/www/html/geep/yii1.1.19/framework/web/CController.php(291): CFilterChain->run()
#13 /var/www/html/geep/yii1.1.19/framework/web/CController.php(265): CController->runActionWithFilters(Object(CInlineAction), Array)
#14 /var/www/html/geep/yii1.1.19/framework/web/CWebApplication.php(282): CController->run('view')
#15 /var/www/html/geep/yii1.1.19/framework/web/CWebApplication.php(141): CWebApplication->runController('boi/view')
#16 /var/www/html/geep/yii1.1.19/framework/base/CApplication.php(185): CWebApplication->processRequest()
#17 /var/www/html/geep/marketmoni-test/index.php(13): CApplication->run()
#18 {main}
REQUEST_URI=/geep/marketmoni-test/index.php?r=boi/view&id=4
HTTP_REFERER=http://localhost/geep/marketmoni-test/index.php?r=boi/view&id=4
---
2018/04/09 12:57:08 [warning] [application] Failed to set unsafe attribute "action" of "Conversations".
in /var/www/html/geep/marketmoni-test/protected/controllers/BoiController.php (60)
in /var/www/html/geep/marketmoni-test/index.php (13)
2018/04/09 12:57:09 [error] [php] Undefined index: ticket_number (/var/www/html/geep/marketmoni-test/protected/views/boi/conversation_list.php:111)
Stack trace:
#0 /var/www/html/geep/yii1.1.19/framework/web/CController.php(872): BoiController->renderFile()
#1 /var/www/html/geep/marketmoni-test/protected/views/boi/view.php(109): BoiController->renderPartial()
#2 /var/www/html/geep/yii1.1.19/framework/web/CBaseController.php(126): require()
#3 /var/www/html/geep/yii1.1.19/framework/web/CBaseController.php(95): BoiController->renderInternal()
#4 /var/www/html/geep/yii1.1.19/framework/web/CController.php(872): BoiController->renderFile()
#5 /var/www/html/geep/yii1.1.19/framework/web/CController.php(785): BoiController->renderPartial()
#6 /var/www/html/geep/marketmoni-test/protected/controllers/BoiController.php(71): BoiController->render()
#7 unknown(0): BoiController->actionView()
#8 /var/www/html/geep/yii1.1.19/framework/web/actions/CAction.php(109): ReflectionMethod->invokeArgs()
#9 /var/www/html/geep/yii1.1.19/framework/web/actions/CInlineAction.php(47): CInlineAction->runWithParamsInternal()
#10 /var/www/html/geep/yii1.1.19/framework/web/CController.php(308): CInlineAction->runWithParams()
#11 /var/www/html/geep/yii1.1.19/framework/web/filters/CFilterChain.php(134): BoiController->runAction()
#12 /var/www/html/geep/yii1.1.19/framework/web/filters/CFilter.php(40): CFilterChain->run()
#13 /var/www/html/geep/yii1.1.19/framework/web/CController.php(1148): CAccessControlFilter->filter()
#14 /var/www/html/geep/yii1.1.19/framework/web/filters/CInlineFilter.php(58): BoiController->filterAccessControl()
#15 /var/www/html/geep/yii1.1.19/framework/web/filters/CFilterChain.php(131): CInlineFilter->filter()
#16 /var/www/html/geep/yii1.1.19/framework/web/CController.php(291): CFilterChain->run()
#17 /var/www/html/geep/yii1.1.19/framework/web/CController.php(265): BoiController->runActionWithFilters()
#18 /var/www/html/geep/yii1.1.19/framework/web/CWebApplication.php(282): BoiController->run()
#19 /var/www/html/geep/yii1.1.19/framework/web/CWebApplication.php(141): CWebApplication->runController()
#20 /var/www/html/geep/yii1.1.19/framework/base/CApplication.php(185): CWebApplication->processRequest()
#21 /var/www/html/geep/marketmoni-test/index.php(13): CWebApplication->run()
REQUEST_URI=/geep/marketmoni-test/index.php?r=boi/view&id=4
in /var/www/html/geep/marketmoni-test/protected/views/boi/conversation_list.php (111)
in /var/www/html/geep/marketmoni-test/protected/views/boi/view.php (109)
in /var/www/html/geep/marketmoni-test/protected/controllers/BoiController.php (71)
2018/04/09 12:58:03 [error] [php] Undefined index: ticket_number (/var/www/html/geep/marketmoni-test/protected/views/boi/conversation_list.php:111)
Stack trace:
#0 /var/www/html/geep/yii1.1.19/framework/web/CController.php(872): BoiController->renderFile()
#1 /var/www/html/geep/marketmoni-test/protected/views/boi/view.php(109): BoiController->renderPartial()
#2 /var/www/html/geep/yii1.1.19/framework/web/CBaseController.php(126): require()
#3 /var/www/html/geep/yii1.1.19/framework/web/CBaseController.php(95): BoiController->renderInternal()
#4 /var/www/html/geep/yii1.1.19/framework/web/CController.php(872): BoiController->renderFile()
#5 /var/www/html/geep/yii1.1.19/framework/web/CController.php(785): BoiController->renderPartial()
#6 /var/www/html/geep/marketmoni-test/protected/controllers/BoiController.php(71): BoiController->render()
#7 unknown(0): BoiController->actionView()
#8 /var/www/html/geep/yii1.1.19/framework/web/actions/CAction.php(109): ReflectionMethod->invokeArgs()
#9 /var/www/html/geep/yii1.1.19/framework/web/actions/CInlineAction.php(47): CInlineAction->runWithParamsInternal()
#10 /var/www/html/geep/yii1.1.19/framework/web/CController.php(308): CInlineAction->runWithParams()
#11 /var/www/html/geep/yii1.1.19/framework/web/filters/CFilterChain.php(134): BoiController->runAction()
#12 /var/www/html/geep/yii1.1.19/framework/web/filters/CFilter.php(40): CFilterChain->run()
#13 /var/www/html/geep/yii1.1.19/framework/web/CController.php(1148): CAccessControlFilter->filter()
#14 /var/www/html/geep/yii1.1.19/framework/web/filters/CInlineFilter.php(58): BoiController->filterAccessControl()
#15 /var/www/html/geep/yii1.1.19/framework/web/filters/CFilterChain.php(131): CInlineFilter->filter()
#16 /var/www/html/geep/yii1.1.19/framework/web/CController.php(291): CFilterChain->run()
#17 /var/www/html/geep/yii1.1.19/framework/web/CController.php(265): BoiController->runActionWithFilters()
#18 /var/www/html/geep/yii1.1.19/framework/web/CWebApplication.php(282): BoiController->run()
#19 /var/www/html/geep/yii1.1.19/framework/web/CWebApplication.php(141): CWebApplication->runController()
#20 /var/www/html/geep/yii1.1.19/framework/base/CApplication.php(185): CWebApplication->processRequest()
#21 /var/www/html/geep/marketmoni-test/index.php(13): CWebApplication->run()
REQUEST_URI=/geep/marketmoni-test/index.php?r=boi/view&id=4
in /var/www/html/geep/marketmoni-test/protected/views/boi/conversation_list.php (111)
in /var/www/html/geep/marketmoni-test/protected/views/boi/view.php (109)
in /var/www/html/geep/marketmoni-test/protected/controllers/BoiController.php (71)
2018/04/09 12:59:56 [warning] [application] Failed to set unsafe attribute "action" of "Conversations".
in /var/www/html/geep/marketmoni-test/protected/controllers/BoiController.php (60)
in /var/www/html/geep/marketmoni-test/index.php (13)
2018/04/09 14:31:08 [warning] [application] Failed to set unsafe attribute "action" of "Conversations".
in /var/www/html/geep/marketmoni-test/protected/controllers/BoiController.php (60)
in /var/www/html/geep/marketmoni-test/index.php (13)
2018/04/10 16:51:24 [warning] [application] Failed to set unsafe attribute "action" of "Conversations".
in /var/www/html/geep/marketmoni-test/protected/controllers/BoiController.php (60)
in /var/www/html/geep/marketmoni-test/index.php (13)
2018/04/24 12:18:34 [error] [php] include(search_script.phps): failed to open stream: No such file or directory (/var/www/html/geep/marketmoni-test/protected/views/casetwo/dta.php:21)
Stack trace:
#0 /var/www/html/geep/yii1.1.19/framework/web/CBaseController.php(95): CasetwoController->renderInternal()
#1 /var/www/html/geep/yii1.1.19/framework/web/CController.php(872): CasetwoController->renderFile()
#2 /var/www/html/geep/marketmoni-test/protected/views/casetwo/create.php(26): CasetwoController->renderPartial()
#3 /var/www/html/geep/yii1.1.19/framework/web/CBaseController.php(126): require()
#4 /var/www/html/geep/yii1.1.19/framework/web/CBaseController.php(95): CasetwoController->renderInternal()
#5 /var/www/html/geep/yii1.1.19/framework/web/CController.php(872): CasetwoController->renderFile()
#6 /var/www/html/geep/yii1.1.19/framework/web/CController.php(785): CasetwoController->renderPartial()
#7 /var/www/html/geep/marketmoni-test/protected/controllers/CasetwoController.php(137): CasetwoController->render()
#8 /var/www/html/geep/yii1.1.19/framework/web/actions/CInlineAction.php(49): CasetwoController->actionDtA()
#9 /var/www/html/geep/yii1.1.19/framework/web/CController.php(308): CInlineAction->runWithParams()
#10 /var/www/html/geep/yii1.1.19/framework/web/filters/CFilterChain.php(134): CasetwoController->runAction()
#11 /var/www/html/geep/yii1.1.19/framework/web/filters/CFilter.php(40): CFilterChain->run()
#12 /var/www/html/geep/yii1.1.19/framework/web/CController.php(1148): CAccessControlFilter->filter()
#13 /var/www/html/geep/yii1.1.19/framework/web/filters/CInlineFilter.php(58): CasetwoController->filterAccessControl()
#14 /var/www/html/geep/yii1.1.19/framework/web/filters/CFilterChain.php(131): CInlineFilter->filter()
#15 /var/www/html/geep/yii1.1.19/framework/web/CController.php(291): CFilterChain->run()
#16 /var/www/html/geep/yii1.1.19/framework/web/CController.php(265): CasetwoController->runActionWithFilters()
#17 /var/www/html/geep/yii1.1.19/framework/web/CWebApplication.php(282): CasetwoController->run()
#18 /var/www/html/geep/yii1.1.19/framework/web/CWebApplication.php(141): CWebApplication->runController()
#19 /var/www/html/geep/yii1.1.19/framework/base/CApplication.php(185): CWebApplication->processRequest()
#20 /var/www/html/geep/marketmoni-test/index.php(13): CWebApplication->run()
REQUEST_URI=/geep/marketmoni-test/index.php?r=casetwo/dta
in /var/www/html/geep/marketmoni-test/protected/views/casetwo/dta.php (21)
in /var/www/html/geep/marketmoni-test/protected/views/casetwo/dta.php (21)
in /var/www/html/geep/marketmoni-test/protected/views/casetwo/create.php (26)
2018/04/24 12:23:52 [error] [exception.ParseError] ParseError: syntax error, unexpected '=>' (T_DOUBLE_ARROW), expecting ',' or ')' in /var/www/html/geep/marketmoni-test/protected/views/casetwo/aggregator.php:24
Stack trace:
#0 /var/www/html/geep/yii1.1.19/framework/web/CBaseController.php(95): CBaseController->renderInternal('/var/www/html/g...', Array, true)
#1 /var/www/html/geep/yii1.1.19/framework/web/CController.php(872): CBaseController->renderFile('/var/www/html/g...', Array, true)
#2 /var/www/html/geep/marketmoni-test/protected/views/casetwo/create.php(23): CController->renderPartial('aggregator', Array)
#3 /var/www/html/geep/yii1.1.19/framework/web/CBaseController.php(126): require('/var/www/html/g...')
#4 /var/www/html/geep/yii1.1.19/framework/web/CBaseController.php(95): CBaseController->renderInternal('/var/www/html/g...', Array, true)
#5 /var/www/html/geep/yii1.1.19/framework/web/CController.php(872): CBaseController->renderFile('/var/www/html/g...', Array, true)
#6 /var/www/html/geep/yii1.1.19/framework/web/CController.php(785): CController->renderPartial('create', Array, true)
#7 /var/www/html/geep/marketmoni-test/protected/controllers/CasetwoController.php(109): CController->render('create', Array)
#8 /var/www/html/geep/yii1.1.19/framework/web/actions/CInlineAction.php(49): CasetwoController->actionAggregator()
#9 /var/www/html/geep/yii1.1.19/framework/web/CController.php(308): CInlineAction->runWithParams(Array)
#10 /var/www/html/geep/yii1.1.19/framework/web/filters/CFilterChain.php(134): CController->runAction(Object(CInlineAction))
#11 /var/www/html/geep/yii1.1.19/framework/web/filters/CFilter.php(40): CFilterChain->run()
#12 /var/www/html/geep/yii1.1.19/framework/web/CController.php(1148): CFilter->filter(Object(CFilterChain))
#13 /var/www/html/geep/yii1.1.19/framework/web/filters/CInlineFilter.php(58): CController->filterAccessControl(Object(CFilterChain))
#14 /var/www/html/geep/yii1.1.19/framework/web/filters/CFilterChain.php(131): CInlineFilter->filter(Object(CFilterChain))
#15 /var/www/html/geep/yii1.1.19/framework/web/CController.php(291): CFilterChain->run()
#16 /var/www/html/geep/yii1.1.19/framework/web/CController.php(265): CController->runActionWithFilters(Object(CInlineAction), Array)
#17 /var/www/html/geep/yii1.1.19/framework/web/CWebApplication.php(282): CController->run('aggregator')
#18 /var/www/html/geep/yii1.1.19/framework/web/CWebApplication.php(141): CWebApplication->runController('casetwo/aggrega...')
#19 /var/www/html/geep/yii1.1.19/framework/base/CApplication.php(185): CWebApplication->processRequest()
#20 /var/www/html/geep/marketmoni-test/index.php(13): CApplication->run()
#21 {main}
REQUEST_URI=/geep/marketmoni-test/index.php?r=casetwo/aggregator
HTTP_REFERER=http://localhost/geep/marketmoni-test/index.php?r=boi/admin
---
2018/04/25 11:59:39 [error] [exception.CException] CException: CActiveForm and its behaviors do not have a method or closure named "activeDropDownList". in /var/www/html/geep/yii1.1.19/framework/base/CComponent.php:266
Stack trace:
#0 /var/www/html/geep/marketmoni-test/protected/views/casetwo/dta.php(154): CComponent->__call('activeDropDownL...', Array)
#1 /var/www/html/geep/yii1.1.19/framework/web/CBaseController.php(126): require('/var/www/html/g...')
#2 /var/www/html/geep/yii1.1.19/framework/web/CBaseController.php(95): CBaseController->renderInternal('/var/www/html/g...', Array, true)
#3 /var/www/html/geep/yii1.1.19/framework/web/CController.php(872): CBaseController->renderFile('/var/www/html/g...', Array, true)
#4 /var/www/html/geep/marketmoni-test/protected/views/casetwo/create.php(26): CController->renderPartial('dta', Array)
#5 /var/www/html/geep/yii1.1.19/framework/web/CBaseController.php(126): require('/var/www/html/g...')
#6 /var/www/html/geep/yii1.1.19/framework/web/CBaseController.php(95): CBaseController->renderInternal('/var/www/html/g...', Array, true)
#7 /var/www/html/geep/yii1.1.19/framework/web/CController.php(872): CBaseController->renderFile('/var/www/html/g...', Array, true)
#8 /var/www/html/geep/yii1.1.19/framework/web/CController.php(785): CController->renderPartial('create', Array, true)
#9 /var/www/html/geep/marketmoni-test/protected/controllers/CasetwoController.php(137): CController->render('create', Array)
#10 /var/www/html/geep/yii1.1.19/framework/web/actions/CInlineAction.php(49): CasetwoController->actionDtA()
#11 /var/www/html/geep/yii1.1.19/framework/web/CController.php(308): CInlineAction->runWithParams(Array)
#12 /var/www/html/geep/yii1.1.19/framework/web/filters/CFilterChain.php(134): CController->runAction(Object(CInlineAction))
#13 /var/www/html/geep/yii1.1.19/framework/web/filters/CFilter.php(40): CFilterChain->run()
#14 /var/www/html/geep/yii1.1.19/framework/web/CController.php(1148): CFilter->filter(Object(CFilterChain))
#15 /var/www/html/geep/yii1.1.19/framework/web/filters/CInlineFilter.php(58): CController->filterAccessControl(Object(CFilterChain))
#16 /var/www/html/geep/yii1.1.19/framework/web/filters/CFilterChain.php(131): CInlineFilter->filter(Object(CFilterChain))
#17 /var/www/html/geep/yii1.1.19/framework/web/CController.php(291): CFilterChain->run()
#18 /var/www/html/geep/yii1.1.19/framework/web/CController.php(265): CController->runActionWithFilters(Object(CInlineAction), Array)
#19 /var/www/html/geep/yii1.1.19/framework/web/CWebApplication.php(282): CController->run('dta')
#20 /var/www/html/geep/yii1.1.19/framework/web/CWebApplication.php(141): CWebApplication->runController('casetwo/dta')
#21 /var/www/html/geep/yii1.1.19/framework/base/CApplication.php(185): CWebApplication->processRequest()
#22 /var/www/html/geep/marketmoni-test/index.php(13): CApplication->run()
#23 {main}
REQUEST_URI=/geep/marketmoni-test/index.php?r=casetwo/dta
HTTP_REFERER=http://localhost/geep/marketmoni-test/index.php?r=boi/admin
---
2018/04/27 10:36:54 [error] [php] Undefined variable: view (/var/www/html/geep/marketmoni/protected/views/casetwo/create.php:22)
Stack trace:
#0 /var/www/html/geep/yii1.1.19/framework/web/CController.php(872): CasetwoController->renderFile()
#1 /var/www/html/geep/yii1.1.19/framework/web/CController.php(785): CasetwoController->renderPartial()
#2 /var/www/html/geep/marketmoni/protected/controllers/CasetwoController.php(81): CasetwoController->render()
#3 /var/www/html/geep/yii1.1.19/framework/web/actions/CInlineAction.php(49): CasetwoController->actionCreate()
#4 /var/www/html/geep/yii1.1.19/framework/web/CController.php(308): CInlineAction->runWithParams()
#5 /var/www/html/geep/yii1.1.19/framework/web/filters/CFilterChain.php(134): CasetwoController->runAction()
#6 /var/www/html/geep/yii1.1.19/framework/web/filters/CFilter.php(40): CFilterChain->run()
#7 /var/www/html/geep/yii1.1.19/framework/web/CController.php(1148): CAccessControlFilter->filter()
#8 /var/www/html/geep/yii1.1.19/framework/web/filters/CInlineFilter.php(58): CasetwoController->filterAccessControl()
#9 /var/www/html/geep/yii1.1.19/framework/web/filters/CFilterChain.php(131): CInlineFilter->filter()
#10 /var/www/html/geep/yii1.1.19/framework/web/CController.php(291): CFilterChain->run()
#11 /var/www/html/geep/yii1.1.19/framework/web/CController.php(265): CasetwoController->runActionWithFilters()
#12 /var/www/html/geep/yii1.1.19/framework/web/CWebApplication.php(282): CasetwoController->run()
#13 /var/www/html/geep/yii1.1.19/framework/web/CWebApplication.php(141): CWebApplication->runController()
#14 /var/www/html/geep/yii1.1.19/framework/base/CApplication.php(185): CWebApplication->processRequest()
#15 /var/www/html/geep/marketmoni/index.php(13): CWebApplication->run()
REQUEST_URI=/geep/marketmoni/index.php?r=casetwo/create
in /var/www/html/geep/marketmoni/protected/views/casetwo/create.php (22)
in /var/www/html/geep/marketmoni/protected/controllers/CasetwoController.php (81)
in /var/www/html/geep/marketmoni/index.php (13)
2018/04/27 10:57:52 [error] [php] Undefined variable: view (/var/www/html/geep/marketmoni/protected/views/casetwo/create.php:22)
Stack trace:
#0 /var/www/html/geep/yii1.1.19/framework/web/CController.php(872): CasetwoController->renderFile()
#1 /var/www/html/geep/yii1.1.19/framework/web/CController.php(785): CasetwoController->renderPartial()
#2 /var/www/html/geep/marketmoni/protected/controllers/CasetwoController.php(81): CasetwoController->render()
#3 /var/www/html/geep/yii1.1.19/framework/web/actions/CInlineAction.php(49): CasetwoController->actionCreate()
#4 /var/www/html/geep/yii1.1.19/framework/web/CController.php(308): CInlineAction->runWithParams()
#5 /var/www/html/geep/yii1.1.19/framework/web/filters/CFilterChain.php(134): CasetwoController->runAction()
#6 /var/www/html/geep/yii1.1.19/framework/web/filters/CFilter.php(40): CFilterChain->run()
#7 /var/www/html/geep/yii1.1.19/framework/web/CController.php(1148): CAccessControlFilter->filter()
#8 /var/www/html/geep/yii1.1.19/framework/web/filters/CInlineFilter.php(58): CasetwoController->filterAccessControl()
#9 /var/www/html/geep/yii1.1.19/framework/web/filters/CFilterChain.php(131): CInlineFilter->filter()
#10 /var/www/html/geep/yii1.1.19/framework/web/CController.php(291): CFilterChain->run()
#11 /var/www/html/geep/yii1.1.19/framework/web/CController.php(265): CasetwoController->runActionWithFilters()
#12 /var/www/html/geep/yii1.1.19/framework/web/CWebApplication.php(282): CasetwoController->run()
#13 /var/www/html/geep/yii1.1.19/framework/web/CWebApplication.php(141): CWebApplication->runController()
#14 /var/www/html/geep/yii1.1.19/framework/base/CApplication.php(185): CWebApplication->processRequest()
#15 /var/www/html/geep/marketmoni/index.php(13): CWebApplication->run()
REQUEST_URI=/geep/marketmoni/index.php?r=casetwo/create
in /var/www/html/geep/marketmoni/protected/views/casetwo/create.php (22)
in /var/www/html/geep/marketmoni/protected/controllers/CasetwoController.php (81)
in /var/www/html/geep/marketmoni/index.php (13)
2018/04/28 22:19:40 [error] [exception.ParseError] ParseError: syntax error, unexpected '<', expecting end of file in /var/www/html/geep/marketmoni/protected/views/casetwo/search_script.php:5
Stack trace:
#0 /var/www/html/geep/yii1.1.19/framework/web/CBaseController.php(126): require()
#1 /var/www/html/geep/yii1.1.19/framework/web/CBaseController.php(95): CBaseController->renderInternal('/var/www/html/g...', Array, true)
#2 /var/www/html/geep/yii1.1.19/framework/web/CController.php(872): CBaseController->renderFile('/var/www/html/g...', Array, true)
#3 /var/www/html/geep/marketmoni/protected/views/casetwo/create.php(26): CController->renderPartial('dta', Array)
#4 /var/www/html/geep/yii1.1.19/framework/web/CBaseController.php(126): require('/var/www/html/g...')
#5 /var/www/html/geep/yii1.1.19/framework/web/CBaseController.php(95): CBaseController->renderInternal('/var/www/html/g...', Array, true)
#6 /var/www/html/geep/yii1.1.19/framework/web/CController.php(872): CBaseController->renderFile('/var/www/html/g...', Array, true)
#7 /var/www/html/geep/yii1.1.19/framework/web/CController.php(785): CController->renderPartial('create', Array, true)
#8 /var/www/html/geep/marketmoni/protected/controllers/CasetwoController.php(137): CController->render('create', Array)
#9 /var/www/html/geep/yii1.1.19/framework/web/actions/CInlineAction.php(49): CasetwoController->actionDtA()
#10 /var/www/html/geep/yii1.1.19/framework/web/CController.php(308): CInlineAction->runWithParams(Array)
#11 /var/www/html/geep/yii1.1.19/framework/web/filters/CFilterChain.php(134): CController->runAction(Object(CInlineAction))
#12 /var/www/html/geep/yii1.1.19/framework/web/filters/CFilter.php(40): CFilterChain->run()
#13 /var/www/html/geep/yii1.1.19/framework/web/CController.php(1148): CFilter->filter(Object(CFilterChain))
#14 /var/www/html/geep/yii1.1.19/framework/web/filters/CInlineFilter.php(58): CController->filterAccessControl(Object(CFilterChain))
#15 /var/www/html/geep/yii1.1.19/framework/web/filters/CFilterChain.php(131): CInlineFilter->filter(Object(CFilterChain))
#16 /var/www/html/geep/yii1.1.19/framework/web/CController.php(291): CFilterChain->run()
#17 /var/www/html/geep/yii1.1.19/framework/web/CController.php(265): CController->runActionWithFilters(Object(CInlineAction), Array)
#18 /var/www/html/geep/yii1.1.19/framework/web/CWebApplication.php(282): CController->run('dta')
#19 /var/www/html/geep/yii1.1.19/framework/web/CWebApplication.php(141): CWebApplication->runController('casetwo/dta')
#20 /var/www/html/geep/yii1.1.19/framework/base/CApplication.php(185): CWebApplication->processRequest()
#21 /var/www/html/geep/marketmoni/index.php(13): CApplication->run()
#22 {main}
REQUEST_URI=/geep/marketmoni/index.php?r=casetwo/dta
HTTP_REFERER=http://localhost/geep/marketmoni/index.php?r=boi/admin
---
2018/04/28 22:19:57 [error] [exception.ParseError] ParseError: syntax error, unexpected '<', expecting end of file in /var/www/html/geep/marketmoni/protected/views/casetwo/search_script.php:5
Stack trace:
#0 /var/www/html/geep/yii1.1.19/framework/web/CBaseController.php(126): require()
#1 /var/www/html/geep/yii1.1.19/framework/web/CBaseController.php(95): CBaseController->renderInternal('/var/www/html/g...', Array, true)
#2 /var/www/html/geep/yii1.1.19/framework/web/CController.php(872): CBaseController->renderFile('/var/www/html/g...', Array, true)
#3 /var/www/html/geep/marketmoni/protected/views/casetwo/create.php(26): CController->renderPartial('dta', Array)
#4 /var/www/html/geep/yii1.1.19/framework/web/CBaseController.php(126): require('/var/www/html/g...')
#5 /var/www/html/geep/yii1.1.19/framework/web/CBaseController.php(95): CBaseController->renderInternal('/var/www/html/g...', Array, true)
#6 /var/www/html/geep/yii1.1.19/framework/web/CController.php(872): CBaseController->renderFile('/var/www/html/g...', Array, true)
#7 /var/www/html/geep/yii1.1.19/framework/web/CController.php(785): CController->renderPartial('create', Array, true)
#8 /var/www/html/geep/marketmoni/protected/controllers/CasetwoController.php(137): CController->render('create', Array)
#9 /var/www/html/geep/yii1.1.19/framework/web/actions/CInlineAction.php(49): CasetwoController->actionDtA()
#10 /var/www/html/geep/yii1.1.19/framework/web/CController.php(308): CInlineAction->runWithParams(Array)
#11 /var/www/html/geep/yii1.1.19/framework/web/filters/CFilterChain.php(134): CController->runAction(Object(CInlineAction))
#12 /var/www/html/geep/yii1.1.19/framework/web/filters/CFilter.php(40): CFilterChain->run()
#13 /var/www/html/geep/yii1.1.19/framework/web/CController.php(1148): CFilter->filter(Object(CFilterChain))
#14 /var/www/html/geep/yii1.1.19/framework/web/filters/CInlineFilter.php(58): CController->filterAccessControl(Object(CFilterChain))
#15 /var/www/html/geep/yii1.1.19/framework/web/filters/CFilterChain.php(131): CInlineFilter->filter(Object(CFilterChain))
#16 /var/www/html/geep/yii1.1.19/framework/web/CController.php(291): CFilterChain->run()
#17 /var/www/html/geep/yii1.1.19/framework/web/CController.php(265): CController->runActionWithFilters(Object(CInlineAction), Array)
#18 /var/www/html/geep/yii1.1.19/framework/web/CWebApplication.php(282): CController->run('dta')
#19 /var/www/html/geep/yii1.1.19/framework/web/CWebApplication.php(141): CWebApplication->runController('casetwo/dta')
#20 /var/www/html/geep/yii1.1.19/framework/base/CApplication.php(185): CWebApplication->processRequest()
#21 /var/www/html/geep/marketmoni/index.php(13): CApplication->run()
#22 {main}
REQUEST_URI=/geep/marketmoni/index.php?r=casetwo/dta
HTTP_REFERER=http://localhost/geep/marketmoni/index.php?r=boi/admin
---
2018/04/28 22:20:16 [error] [exception.ParseError] ParseError: syntax error, unexpected '<', expecting end of file in /var/www/html/geep/marketmoni/protected/views/casetwo/search_script.php:5
Stack trace:
#0 /var/www/html/geep/yii1.1.19/framework/web/CBaseController.php(126): require()
#1 /var/www/html/geep/yii1.1.19/framework/web/CBaseController.php(95): CBaseController->renderInternal('/var/www/html/g...', Array, true)
#2 /var/www/html/geep/yii1.1.19/framework/web/CController.php(872): CBaseController->renderFile('/var/www/html/g...', Array, true)
#3 /var/www/html/geep/marketmoni/protected/views/casetwo/create.php(26): CController->renderPartial('dta', Array)
#4 /var/www/html/geep/yii1.1.19/framework/web/CBaseController.php(126): require('/var/www/html/g...')
#5 /var/www/html/geep/yii1.1.19/framework/web/CBaseController.php(95): CBaseController->renderInternal('/var/www/html/g...', Array, true)
#6 /var/www/html/geep/yii1.1.19/framework/web/CController.php(872): CBaseController->renderFile('/var/www/html/g...', Array, true)
#7 /var/www/html/geep/yii1.1.19/framework/web/CController.php(785): CController->renderPartial('create', Array, true)
#8 /var/www/html/geep/marketmoni/protected/controllers/CasetwoController.php(137): CController->render('create', Array)
#9 /var/www/html/geep/yii1.1.19/framework/web/actions/CInlineAction.php(49): CasetwoController->actionDtA()
#10 /var/www/html/geep/yii1.1.19/framework/web/CController.php(308): CInlineAction->runWithParams(Array)
#11 /var/www/html/geep/yii1.1.19/framework/web/filters/CFilterChain.php(134): CController->runAction(Object(CInlineAction))
#12 /var/www/html/geep/yii1.1.19/framework/web/filters/CFilter.php(40): CFilterChain->run()
#13 /var/www/html/geep/yii1.1.19/framework/web/CController.php(1148): CFilter->filter(Object(CFilterChain))
#14 /var/www/html/geep/yii1.1.19/framework/web/filters/CInlineFilter.php(58): CController->filterAccessControl(Object(CFilterChain))
#15 /var/www/html/geep/yii1.1.19/framework/web/filters/CFilterChain.php(131): CInlineFilter->filter(Object(CFilterChain))
#16 /var/www/html/geep/yii1.1.19/framework/web/CController.php(291): CFilterChain->run()
#17 /var/www/html/geep/yii1.1.19/framework/web/CController.php(265): CController->runActionWithFilters(Object(CInlineAction), Array)
#18 /var/www/html/geep/yii1.1.19/framework/web/CWebApplication.php(282): CController->run('dta')
#19 /var/www/html/geep/yii1.1.19/framework/web/CWebApplication.php(141): CWebApplication->runController('casetwo/dta')
#20 /var/www/html/geep/yii1.1.19/framework/base/CApplication.php(185): CWebApplication->processRequest()
#21 /var/www/html/geep/marketmoni/index.php(13): CApplication->run()
#22 {main}
REQUEST_URI=/geep/marketmoni/index.php?r=casetwo/dta
HTTP_REFERER=http://localhost/geep/marketmoni/index.php?r=boi/admin
---
2018/05/04 12:23:20 [error] [system.db.CDbCommand] CDbCommand::fetchAll() failed: SQLSTATE[42S02]: Base table or view not found: 1146 Table 'geep.boi9' doesn't exist. The SQL statement executed was: SHOW FULL COLUMNS FROM `boi9`.
in /var/www/html/geep/marketmoni/protected/controllers/BoiController.php (152)
in /var/www/html/geep/marketmoni/index.php (13)
2018/05/04 12:23:20 [error] [exception.CDbException] CDbException: The table "boi9" for active record class "Boi" cannot be found in the database. in /var/www/html/geep/yii1.1.19/framework/db/ar/CActiveRecord.php:2390
Stack trace:
#0 /var/www/html/geep/yii1.1.19/framework/db/ar/CActiveRecord.php(413): CActiveRecordMetaData->__construct(Object(Boi))
#1 /var/www/html/geep/yii1.1.19/framework/db/ar/CActiveRecord.php(79): CActiveRecord->getMetaData()
#2 /var/www/html/geep/marketmoni/protected/controllers/BoiController.php(152): CActiveRecord->__construct('search')
#3 /var/www/html/geep/yii1.1.19/framework/web/actions/CInlineAction.php(49): BoiController->actionAdmin()
#4 /var/www/html/geep/yii1.1.19/framework/web/CController.php(308): CInlineAction->runWithParams(Array)
#5 /var/www/html/geep/yii1.1.19/framework/web/filters/CFilterChain.php(134): CController->runAction(Object(CInlineAction))
#6 /var/www/html/geep/yii1.1.19/framework/web/filters/CFilter.php(40): CFilterChain->run()
#7 /var/www/html/geep/yii1.1.19/framework/web/CController.php(1148): CFilter->filter(Object(CFilterChain))
#8 /var/www/html/geep/yii1.1.19/framework/web/filters/CInlineFilter.php(58): CController->filterAccessControl(Object(CFilterChain))
#9 /var/www/html/geep/yii1.1.19/framework/web/filters/CFilterChain.php(131): CInlineFilter->filter(Object(CFilterChain))
#10 /var/www/html/geep/yii1.1.19/framework/web/CController.php(291): CFilterChain->run()
#11 /var/www/html/geep/yii1.1.19/framework/web/CController.php(265): CController->runActionWithFilters(Object(CInlineAction), Array)
#12 /var/www/html/geep/yii1.1.19/framework/web/CWebApplication.php(282): CController->run('admin')
#13 /var/www/html/geep/yii1.1.19/framework/web/CWebApplication.php(141): CWebApplication->runController('boi/admin')
#14 /var/www/html/geep/yii1.1.19/framework/base/CApplication.php(185): CWebApplication->processRequest()
#15 /var/www/html/geep/marketmoni/index.php(13): CApplication->run()
#16 {main}
REQUEST_URI=/geep/marketmoni/index.php?r=boi/admin
HTTP_REFERER=http://localhost/geep/marketmoni/index.php?r=boi/view&id=3
---
2018/05/15 18:19:41 [error] [exception.CDbException] CDbException: CDbConnection failed to open the DB connection: SQLSTATE[HY000] [1045] Access denied for user 'olamide'@'localhost' (using password: YES) in /Library/WebServer/Documents/yii1.1.19/framework/db/CDbConnection.php:399
Stack trace:
#0 /Library/WebServer/Documents/yii1.1.19/framework/db/CDbConnection.php(347): CDbConnection->open()
#1 /Library/WebServer/Documents/yii1.1.19/framework/db/CDbConnection.php(325): CDbConnection->setActive(true)
#2 /Library/WebServer/Documents/yii1.1.19/framework/base/CModule.php(394): CDbConnection->init()
#3 /Library/WebServer/Documents/yii1.1.19/framework/base/CApplication.php(459): CModule->getComponent('db')
#4 /Library/WebServer/Documents/yii1.1.19/framework/db/ar/CActiveRecord.php(639): CApplication->getDb()
#5 /Library/WebServer/Documents/yii1.1.19/framework/db/ar/CActiveRecord.php(1436): CActiveRecord->getDbConnection()
#6 /Library/WebServer/Documents/yii1.1.19/framework/db/ar/CActiveRecord.php(1525): CActiveRecord->getTableAlias(true)
#7 /Library/WebServer/Documents/geep-repo/protected/components/UserIdentity.php(52): CActiveRecord->findByAttributes(Array)
#8 /Library/WebServer/Documents/geep-repo/protected/models/LoginForm.php(54): UserIdentity->authenticate()
#9 /Library/WebServer/Documents/yii1.1.19/framework/validators/CInlineValidator.php(42): LoginForm->authenticate('password', Array)
#10 /Library/WebServer/Documents/yii1.1.19/framework/validators/CValidator.php(201): CInlineValidator->validateAttribute(Object(LoginForm), 'password')
#11 /Library/WebServer/Documents/yii1.1.19/framework/base/CModel.php(159): CValidator->validate(Object(LoginForm), Array)
#12 /Library/WebServer/Documents/geep-repo/protected/controllers/SiteController.php(95): CModel->validate()
#13 /Library/WebServer/Documents/yii1.1.19/framework/web/actions/CInlineAction.php(49): SiteController->actionLogin()
#14 /Library/WebServer/Documents/yii1.1.19/framework/web/CController.php(308): CInlineAction->runWithParams(Array)
#15 /Library/WebServer/Documents/yii1.1.19/framework/web/CController.php(286): CController->runAction(Object(CInlineAction))
#16 /Library/WebServer/Documents/yii1.1.19/framework/web/CController.php(265): CController->runActionWithFilters(Object(CInlineAction), Array)
#17 /Library/WebServer/Documents/yii1.1.19/framework/web/CWebApplication.php(282): CController->run('login')
#18 /Library/WebServer/Documents/yii1.1.19/framework/web/CWebApplication.php(141): CWebApplication->runController('site/login')
#19 /Library/WebServer/Documents/yii1.1.19/framework/base/CApplication.php(185): CWebApplication->processRequest()
#20 /Library/WebServer/Documents/geep-repo/index.php(13): CApplication->run()
#21 {main}
REQUEST_URI=/geep-repo/index.php?r=site/login
HTTP_REFERER=http://localhost/geep-repo/index.php?r=site/login
---
2018/05/16 12:59:58 [error] [exception.CDbException] CDbException: CDbConnection failed to open the DB connection: SQLSTATE[HY000] [1045] Access denied for user 'root'@'localhost' (using password: YES) in /Applications/XAMPP/xamppfiles/htdocs/yii1.1.19/framework/db/CDbConnection.php:399
Stack trace:
#0 /Applications/XAMPP/xamppfiles/htdocs/yii1.1.19/framework/db/CDbConnection.php(347): CDbConnection->open()
#1 /Applications/XAMPP/xamppfiles/htdocs/yii1.1.19/framework/db/CDbConnection.php(325): CDbConnection->setActive(true)
#2 /Applications/XAMPP/xamppfiles/htdocs/yii1.1.19/framework/base/CModule.php(394): CDbConnection->init()
#3 /Applications/XAMPP/xamppfiles/htdocs/yii1.1.19/framework/base/CApplication.php(459): CModule->getComponent('db')
#4 /Applications/XAMPP/xamppfiles/htdocs/yii1.1.19/framework/db/ar/CActiveRecord.php(639): CApplication->getDb()
#5 /Applications/XAMPP/xamppfiles/htdocs/yii1.1.19/framework/db/ar/CActiveRecord.php(1436): CActiveRecord->getDbConnection()
#6 /Applications/XAMPP/xamppfiles/htdocs/yii1.1.19/framework/db/ar/CActiveRecord.php(1525): CActiveRecord->getTableAlias(true)
#7 /Applications/XAMPP/xamppfiles/htdocs/geep-repo/protected/components/UserIdentity.php(52): CActiveRecord->findByAttributes(Array)
#8 /Applications/XAMPP/xamppfiles/htdocs/geep-repo/protected/models/LoginForm.php(54): UserIdentity->authenticate()
#9 /Applications/XAMPP/xamppfiles/htdocs/yii1.1.19/framework/validators/CInlineValidator.php(42): LoginForm->authenticate('password', Array)
#10 /Applications/XAMPP/xamppfiles/htdocs/yii1.1.19/framework/validators/CValidator.php(201): CInlineValidator->validateAttribute(Object(LoginForm), 'password')
#11 /Applications/XAMPP/xamppfiles/htdocs/yii1.1.19/framework/base/CModel.php(159): CValidator->validate(Object(LoginForm), Array)
#12 /Applications/XAMPP/xamppfiles/htdocs/geep-repo/protected/controllers/SiteController.php(95): CModel->validate()
#13 /Applications/XAMPP/xamppfiles/htdocs/yii1.1.19/framework/web/actions/CInlineAction.php(49): SiteController->actionLogin()
#14 /Applications/XAMPP/xamppfiles/htdocs/yii1.1.19/framework/web/CController.php(308): CInlineAction->runWithParams(Array)
#15 /Applications/XAMPP/xamppfiles/htdocs/yii1.1.19/framework/web/CController.php(286): CController->runAction(Object(CInlineAction))
#16 /Applications/XAMPP/xamppfiles/htdocs/yii1.1.19/framework/web/CController.php(265): CController->runActionWithFilters(Object(CInlineAction), Array)
#17 /Applications/XAMPP/xamppfiles/htdocs/yii1.1.19/framework/web/CWebApplication.php(282): CController->run('login')
#18 /Applications/XAMPP/xamppfiles/htdocs/yii1.1.19/framework/web/CWebApplication.php(141): CWebApplication->runController('site/login')
#19 /Applications/XAMPP/xamppfiles/htdocs/yii1.1.19/framework/base/CApplication.php(185): CWebApplication->processRequest()
#20 /Applications/XAMPP/xamppfiles/htdocs/geep-repo/index.php(13): CApplication->run()
#21 {main}
REQUEST_URI=/geep-repo/index.php?r=site/login
HTTP_REFERER=http://localhost/geep-repo/index.php?r=site/login
---
2018/05/16 15:29:15 [error] [exception.CException] CException: Property "Enquiry.agent_name" is not defined. in /Applications/XAMPP/xamppfiles/htdocs/yii1.1.19/framework/base/CComponent.php:130
Stack trace:
#0 /Applications/XAMPP/xamppfiles/htdocs/yii1.1.19/framework/db/ar/CActiveRecord.php(145): CComponent->__get('agent_name')
#1 /Applications/XAMPP/xamppfiles/htdocs/geep-repo/protected/views/enquiry/_view.php(21): CActiveRecord->__get('agent_name')
#2 /Applications/XAMPP/xamppfiles/htdocs/yii1.1.19/framework/web/CBaseController.php(130): require('/Applications/X...')
#3 /Applications/XAMPP/xamppfiles/htdocs/yii1.1.19/framework/web/CBaseController.php(95): CBaseController->renderInternal('/Applications/X...', Array, false)
#4 /Applications/XAMPP/xamppfiles/htdocs/yii1.1.19/framework/zii/widgets/CListView.php(291): CBaseController->renderFile('/Applications/X...', Array)
#5 /Applications/XAMPP/xamppfiles/htdocs/yii1.1.19/framework/zii/widgets/CBaseListView.php(181): CListView->renderItems()
#6 [internal function]: CBaseListView->renderSection(Array)
#7 /Applications/XAMPP/xamppfiles/htdocs/yii1.1.19/framework/zii/widgets/CBaseListView.php(164): preg_replace_callback('/{(\\w+)}/', Array, '{summary}\n{sort...')
#8 /Applications/XAMPP/xamppfiles/htdocs/yii1.1.19/framework/zii/widgets/CBaseListView.php(149): CBaseListView->renderContent()
#9 /Applications/XAMPP/xamppfiles/htdocs/yii1.1.19/framework/web/CBaseController.php(182): CBaseListView->run()
#10 /Applications/XAMPP/xamppfiles/htdocs/geep-repo/protected/views/enquiry/index.php(19): CBaseController->widget('zii.widgets.CLi...', Array)
#11 /Applications/XAMPP/xamppfiles/htdocs/yii1.1.19/framework/web/CBaseController.php(126): require('/Applications/X...')
#12 /Applications/XAMPP/xamppfiles/htdocs/yii1.1.19/framework/web/CBaseController.php(95): CBaseController->renderInternal('/Applications/X...', Array, true)
#13 /Applications/XAMPP/xamppfiles/htdocs/yii1.1.19/framework/web/CController.php(872): CBaseController->renderFile('/Applications/X...', Array, true)
#14 /Applications/XAMPP/xamppfiles/htdocs/yii1.1.19/framework/web/CController.php(785): CController->renderPartial('index', Array, true)
#15 /Applications/XAMPP/xamppfiles/htdocs/geep-repo/protected/controllers/EnquiryController.php(128): CController->render('index', Array)
#16 /Applications/XAMPP/xamppfiles/htdocs/yii1.1.19/framework/web/actions/CInlineAction.php(49): EnquiryController->actionIndex()
#17 /Applications/XAMPP/xamppfiles/htdocs/yii1.1.19/framework/web/CController.php(308): CInlineAction->runWithParams(Array)
#18 /Applications/XAMPP/xamppfiles/htdocs/yii1.1.19/framework/web/filters/CFilterChain.php(134): CController->runAction(Object(CInlineAction))
#19 /Applications/XAMPP/xamppfiles/htdocs/yii1.1.19/framework/web/filters/CFilter.php(40): CFilterChain->run()
#20 /Applications/XAMPP/xamppfiles/htdocs/yii1.1.19/framework/web/CController.php(1148): CFilter->filter(Object(CFilterChain))
#21 /Applications/XAMPP/xamppfiles/htdocs/yii1.1.19/framework/web/filters/CInlineFilter.php(58): CController->filterAccessControl(Object(CFilterChain))
#22 /Applications/XAMPP/xamppfiles/htdocs/yii1.1.19/framework/web/filters/CFilterChain.php(131): CInlineFilter->filter(Object(CFilterChain))
#23 /Applications/XAMPP/xamppfiles/htdocs/yii1.1.19/framework/web/CController.php(291): CFilterChain->run()
#24 /Applications/XAMPP/xamppfiles/htdocs/yii1.1.19/framework/web/CController.php(265): CController->runActionWithFilters(Object(CInlineAction), Array)
#25 /Applications/XAMPP/xamppfiles/htdocs/yii1.1.19/framework/web/CWebApplication.php(282): CController->run('index')
#26 /Applications/XAMPP/xamppfiles/htdocs/yii1.1.19/framework/web/CWebApplication.php(141): CWebApplication->runController('enquiry/index')
#27 /Applications/XAMPP/xamppfiles/htdocs/yii1.1.19/framework/base/CApplication.php(185): CWebApplication->processRequest()
#28 /Applications/XAMPP/xamppfiles/htdocs/geep-repo/index.php(13): CApplication->run()
#29 {main}
REQUEST_URI=/geep-repo/index.php?r=enquiry/index
HTTP_REFERER=http://192.168.0.11/geep-repo/index.php?r=enquiry/create
---
2018/05/16 15:40:49 [error] [exception.CException] CException: Property "Enquiry.agent_name" is not defined. in /Applications/XAMPP/xamppfiles/htdocs/yii1.1.19/framework/base/CComponent.php:130
Stack trace:
#0 /Applications/XAMPP/xamppfiles/htdocs/yii1.1.19/framework/db/ar/CActiveRecord.php(145): CComponent->__get('agent_name')
#1 /Applications/XAMPP/xamppfiles/htdocs/geep-repo/protected/views/enquiry/_view.php(21): CActiveRecord->__get('agent_name')
#2 /Applications/XAMPP/xamppfiles/htdocs/yii1.1.19/framework/web/CBaseController.php(130): require('/Applications/X...')
#3 /Applications/XAMPP/xamppfiles/htdocs/yii1.1.19/framework/web/CBaseController.php(95): CBaseController->renderInternal('/Applications/X...', Array, false)
#4 /Applications/XAMPP/xamppfiles/htdocs/yii1.1.19/framework/zii/widgets/CListView.php(291): CBaseController->renderFile('/Applications/X...', Array)
#5 /Applications/XAMPP/xamppfiles/htdocs/yii1.1.19/framework/zii/widgets/CBaseListView.php(181): CListView->renderItems()
#6 [internal function]: CBaseListView->renderSection(Array)
#7 /Applications/XAMPP/xamppfiles/htdocs/yii1.1.19/framework/zii/widgets/CBaseListView.php(164): preg_replace_callback('/{(\\w+)}/', Array, '{summary}\n{sort...')
#8 /Applications/XAMPP/xamppfiles/htdocs/yii1.1.19/framework/zii/widgets/CBaseListView.php(149): CBaseListView->renderContent()
#9 /Applications/XAMPP/xamppfiles/htdocs/yii1.1.19/framework/web/CBaseController.php(182): CBaseListView->run()
#10 /Applications/XAMPP/xamppfiles/htdocs/geep-repo/protected/views/enquiry/index.php(19): CBaseController->widget('zii.widgets.CLi...', Array)
#11 /Applications/XAMPP/xamppfiles/htdocs/yii1.1.19/framework/web/CBaseController.php(126): require('/Applications/X...')
#12 /Applications/XAMPP/xamppfiles/htdocs/yii1.1.19/framework/web/CBaseController.php(95): CBaseController->renderInternal('/Applications/X...', Array, true)
#13 /Applications/XAMPP/xamppfiles/htdocs/yii1.1.19/framework/web/CController.php(872): CBaseController->renderFile('/Applications/X...', Array, true)
#14 /Applications/XAMPP/xamppfiles/htdocs/yii1.1.19/framework/web/CController.php(785): CController->renderPartial('index', Array, true)
#15 /Applications/XAMPP/xamppfiles/htdocs/geep-repo/protected/controllers/EnquiryController.php(128): CController->render('index', Array)
#16 /Applications/XAMPP/xamppfiles/htdocs/yii1.1.19/framework/web/actions/CInlineAction.php(49): EnquiryController->actionIndex()
#17 /Applications/XAMPP/xamppfiles/htdocs/yii1.1.19/framework/web/CController.php(308): CInlineAction->runWithParams(Array)
#18 /Applications/XAMPP/xamppfiles/htdocs/yii1.1.19/framework/web/filters/CFilterChain.php(134): CController->runAction(Object(CInlineAction))
#19 /Applications/XAMPP/xamppfiles/htdocs/yii1.1.19/framework/web/filters/CFilter.php(40): CFilterChain->run()
#20 /Applications/XAMPP/xamppfiles/htdocs/yii1.1.19/framework/web/CController.php(1148): CFilter->filter(Object(CFilterChain))
#21 /Applications/XAMPP/xamppfiles/htdocs/yii1.1.19/framework/web/filters/CInlineFilter.php(58): CController->filterAccessControl(Object(CFilterChain))
#22 /Applications/XAMPP/xamppfiles/htdocs/yii1.1.19/framework/web/filters/CFilterChain.php(131): CInlineFilter->filter(Object(CFilterChain))
#23 /Applications/XAMPP/xamppfiles/htdocs/yii1.1.19/framework/web/CController.php(291): CFilterChain->run()
#24 /Applications/XAMPP/xamppfiles/htdocs/yii1.1.19/framework/web/CController.php(265): CController->runActionWithFilters(Object(CInlineAction), Array)
#25 /Applications/XAMPP/xamppfiles/htdocs/yii1.1.19/framework/web/CWebApplication.php(282): CController->run('index')
#26 /Applications/XAMPP/xamppfiles/htdocs/yii1.1.19/framework/web/CWebApplication.php(141): CWebApplication->runController('enquiry/index')
#27 /Applications/XAMPP/xamppfiles/htdocs/yii1.1.19/framework/base/CApplication.php(185): CWebApplication->processRequest()
#28 /Applications/XAMPP/xamppfiles/htdocs/geep-repo/index.php(13): CApplication->run()
#29 {main}
REQUEST_URI=/geep-repo/index.php?r=enquiry/index
HTTP_REFERER=http://192.168.0.11/geep-repo/index.php?r=enquiry/create
---
2018/05/16 15:41:38 [error] [exception.CException] CException: Property "Enquiry.agent_name" is not defined. in /Applications/XAMPP/xamppfiles/htdocs/yii1.1.19/framework/base/CComponent.php:130
Stack trace:
#0 /Applications/XAMPP/xamppfiles/htdocs/yii1.1.19/framework/db/ar/CActiveRecord.php(145): CComponent->__get('agent_name')
#1 /Applications/XAMPP/xamppfiles/htdocs/geep-repo/protected/views/enquiry/_view.php(21): CActiveRecord->__get('agent_name')
#2 /Applications/XAMPP/xamppfiles/htdocs/yii1.1.19/framework/web/CBaseController.php(130): require('/Applications/X...')
#3 /Applications/XAMPP/xamppfiles/htdocs/yii1.1.19/framework/web/CBaseController.php(95): CBaseController->renderInternal('/Applications/X...', Array, false)
#4 /Applications/XAMPP/xamppfiles/htdocs/yii1.1.19/framework/zii/widgets/CListView.php(291): CBaseController->renderFile('/Applications/X...', Array)
#5 /Applications/XAMPP/xamppfiles/htdocs/yii1.1.19/framework/zii/widgets/CBaseListView.php(181): CListView->renderItems()
#6 [internal function]: CBaseListView->renderSection(Array)
#7 /Applications/XAMPP/xamppfiles/htdocs/yii1.1.19/framework/zii/widgets/CBaseListView.php(164): preg_replace_callback('/{(\\w+)}/', Array, '{summary}\n{sort...')
#8 /Applications/XAMPP/xamppfiles/htdocs/yii1.1.19/framework/zii/widgets/CBaseListView.php(149): CBaseListView->renderContent()
#9 /Applications/XAMPP/xamppfiles/htdocs/yii1.1.19/framework/web/CBaseController.php(182): CBaseListView->run()
#10 /Applications/XAMPP/xamppfiles/htdocs/geep-repo/protected/views/enquiry/index.php(19): CBaseController->widget('zii.widgets.CLi...', Array)
#11 /Applications/XAMPP/xamppfiles/htdocs/yii1.1.19/framework/web/CBaseController.php(126): require('/Applications/X...')
#12 /Applications/XAMPP/xamppfiles/htdocs/yii1.1.19/framework/web/CBaseController.php(95): CBaseController->renderInternal('/Applications/X...', Array, true)
#13 /Applications/XAMPP/xamppfiles/htdocs/yii1.1.19/framework/web/CController.php(872): CBaseController->renderFile('/Applications/X...', Array, true)
#14 /Applications/XAMPP/xamppfiles/htdocs/yii1.1.19/framework/web/CController.php(785): CController->renderPartial('index', Array, true)
#15 /Applications/XAMPP/xamppfiles/htdocs/geep-repo/protected/controllers/EnquiryController.php(128): CController->render('index', Array)
#16 /Applications/XAMPP/xamppfiles/htdocs/yii1.1.19/framework/web/actions/CInlineAction.php(49): EnquiryController->actionIndex()
#17 /Applications/XAMPP/xamppfiles/htdocs/yii1.1.19/framework/web/CController.php(308): CInlineAction->runWithParams(Array)
#18 /Applications/XAMPP/xamppfiles/htdocs/yii1.1.19/framework/web/filters/CFilterChain.php(134): CController->runAction(Object(CInlineAction))
#19 /Applications/XAMPP/xamppfiles/htdocs/yii1.1.19/framework/web/filters/CFilter.php(40): CFilterChain->run()
#20 /Applications/XAMPP/xamppfiles/htdocs/yii1.1.19/framework/web/CController.php(1148): CFilter->filter(Object(CFilterChain))
#21 /Applications/XAMPP/xamppfiles/htdocs/yii1.1.19/framework/web/filters/CInlineFilter.php(58): CController->filterAccessControl(Object(CFilterChain))
#22 /Applications/XAMPP/xamppfiles/htdocs/yii1.1.19/framework/web/filters/CFilterChain.php(131): CInlineFilter->filter(Object(CFilterChain))
#23 /Applications/XAMPP/xamppfiles/htdocs/yii1.1.19/framework/web/CController.php(291): CFilterChain->run()
#24 /Applications/XAMPP/xamppfiles/htdocs/yii1.1.19/framework/web/CController.php(265): CController->runActionWithFilters(Object(CInlineAction), Array)
#25 /Applications/XAMPP/xamppfiles/htdocs/yii1.1.19/framework/web/CWebApplication.php(282): CController->run('index')
#26 /Applications/XAMPP/xamppfiles/htdocs/yii1.1.19/framework/web/CWebApplication.php(141): CWebApplication->runController('enquiry/index')
#27 /Applications/XAMPP/xamppfiles/htdocs/yii1.1.19/framework/base/CApplication.php(185): CWebApplication->processRequest()
#28 /Applications/XAMPP/xamppfiles/htdocs/geep-repo/index.php(13): CApplication->run()
#29 {main}
REQUEST_URI=/geep-repo/index.php?r=enquiry/index
HTTP_REFERER=http://192.168.0.11/geep-repo/index.php?r=enquiry/create
---
